<?xml version="1.0" encoding="UTF-8"?>
<testng-results ignored="0" total="2" passed="2" failed="0" skipped="0">
  <reporter-output>
  </reporter-output>
  <suite started-at="2024-09-13T15:09:18 BST" name="Default suite" finished-at="2024-09-13T15:09:44 BST" duration-ms="26165">
    <groups>
    </groups>
    <test started-at="2024-09-13T15:09:18 BST" name="Default test" finished-at="2024-09-13T15:09:44 BST" duration-ms="26165">
      <class name="com.swaglabs.NavigationTests">
        <test-method is-config="true" signature="setUpClass()[pri:0, instance:com.swaglabs.NavigationTests@37f21974]" started-at="2024-09-13T15:09:18 BST" name="setUpClass" finished-at="2024-09-13T15:09:19 BST" duration-ms="742" status="PASS">
          <reporter-output>
          </reporter-output>
        </test-method> <!-- setUpClass -->
        <test-method is-config="true" signature="setUp()[pri:0, instance:com.swaglabs.NavigationTests@37f21974]" started-at="2024-09-13T15:09:19 BST" name="setUp" finished-at="2024-09-13T15:09:30 BST" duration-ms="11218" status="PASS">
          <reporter-output>
          </reporter-output>
        </test-method> <!-- setUp -->
        <test-method signature="testLogoutFunctionality()[pri:0, instance:com.swaglabs.NavigationTests@37f21974]" started-at="2024-09-13T15:09:30 BST" name="testLogoutFunctionality" finished-at="2024-09-13T15:09:32 BST" duration-ms="2314" status="PASS">
          <reporter-output>
          </reporter-output>
        </test-method> <!-- testLogoutFunctionality -->
        <test-method is-config="true" signature="tearDown()[pri:0, instance:com.swaglabs.NavigationTests@37f21974]" started-at="2024-09-13T15:09:32 BST" name="tearDown" finished-at="2024-09-13T15:09:33 BST" duration-ms="821" status="PASS">
          <reporter-output>
          </reporter-output>
        </test-method> <!-- tearDown -->
        <test-method is-config="true" signature="setUp()[pri:0, instance:com.swaglabs.NavigationTests@37f21974]" started-at="2024-09-13T15:09:33 BST" name="setUp" finished-at="2024-09-13T15:09:41 BST" duration-ms="7412" status="PASS">
          <reporter-output>
          </reporter-output>
        </test-method> <!-- setUp -->
        <test-method signature="testNavigationBetweenPages()[pri:0, instance:com.swaglabs.NavigationTests@37f21974]" started-at="2024-09-13T15:09:41 BST" name="testNavigationBetweenPages" finished-at="2024-09-13T15:09:42 BST" duration-ms="1545" status="PASS">
          <reporter-output>
          </reporter-output>
        </test-method> <!-- testNavigationBetweenPages -->
        <test-method is-config="true" signature="tearDown()[pri:0, instance:com.swaglabs.NavigationTests@37f21974]" started-at="2024-09-13T15:09:42 BST" name="tearDown" finished-at="2024-09-13T15:09:43 BST" duration-ms="939" status="PASS">
          <reporter-output>
          </reporter-output>
        </test-method> <!-- tearDown -->
        <test-method is-config="true" signature="tearDownClass()[pri:0, instance:com.swaglabs.NavigationTests@37f21974]" started-at="2024-09-13T15:09:43 BST" name="tearDownClass" finished-at="2024-09-13T15:09:44 BST" duration-ms="1082" status="PASS">
          <reporter-output>
          </reporter-output>
        </test-method> <!-- tearDownClass -->
      </class> <!-- com.swaglabs.NavigationTests -->
    </test> <!-- Default test -->
  </suite> <!-- Default suite -->
</testng-results>
